build/app/outputs/mapping/release/mapping.txt
# compiler: R8
# compiler_version: 1.5.69
# min_api: 16
# pg_map_id: e8cdef1
...
io.flutter.embedding.engine.dart.DartExecutor$1 -> io.flutter.embedding.engine.c.a$a:
    io.flutter.embedding.engine.dart.DartExecutor this$0 -> a
    void onMessage(java.nio.ByteBuffer,io.flutter.plugin.common.BinaryMessenger$BinaryReply) -> a
io.flutter.embedding.engine.dart.DartExecutor$DefaultBinaryMessenger -> io.flutter.embedding.engine.c.a$b:
    io.flutter.embedding.engine.dart.DartMessenger messenger -> a
    void send(java.lang.String,java.nio.ByteBuffer) -> a
    void send(java.lang.String,java.nio.ByteBuffer,io.flutter.plugin.common.BinaryMessenger$BinaryReply) -> a
    void setMessageHandler(java.lang.String,io.flutter.plugin.common.BinaryMessenger$BinaryMessageHandler) -> a
io.flutter.embedding.engine.dart.DartExecutor$IsolateServiceIdListener -> io.flutter.embedding.engine.c.a$c:
    void onIsolateServiceIdAvailable(java.lang.String) -> a
io.flutter.embedding.engine.dart.DartMessenger -> io.flutter.embedding.engine.c.b:
    io.flutter.embedding.engine.FlutterJNI flutterJNI -> a
    java.util.Map messageHandlers -> b
    java.util.Map pendingReplies -> c
    int nextReplyId -> d
    void handleError(java.lang.Error) -> a
    void handleMessageFromDart(java.lang.String,java.nio.ByteBuffer,int) -> a
    void handlePlatformMessageResponse(int,java.nio.ByteBuffer) -> a
    void send(java.lang.String,java.nio.ByteBuffer) -> a
    void send(java.lang.String,java.nio.ByteBuffer,io.flutter.plugin.common.BinaryMessenger$BinaryReply) -> a
    void setMessageHandler(java.lang.String,io.flutter.plugin.common.BinaryMessenger$BinaryMessageHandler) -> a
io.flutter.embedding.engine.dart.DartMessenger$Reply -> io.flutter.embedding.engine.c.b$a:
    io.flutter.embedding.engine.FlutterJNI flutterJNI -> a
    java.util.concurrent.atomic.AtomicBoolean done -> c
    int replyId -> b
    void reply(java.nio.ByteBuffer) -> a
io.flutter.embedding.engine.dart.PlatformMessageHandler -> io.flutter.embedding.engine.c.c:
    void handleMessageFromDart(java.lang.String,java.nio.ByteBuffer,int) -> a
    void handlePlatformMessageResponse(int,java.nio.ByteBuffer) -> a
io.flutter.embedding.engine.deferredcomponents.DeferredComponentManager -> io.flutter.embedding.engine.d.a:
    void installDeferredComponent(int,java.lang.String) -> a
    void setJNI(io.flutter.embedding.engine.FlutterJNI) -> a
io.flutter.embedding.engine.loader.ApplicationInfoLoader -> io.flutter.embedding.engine.e.a:
    java.lang.String PUBLIC_AOT_SHARED_LIBRARY_NAME -> a
    java.lang.String PUBLIC_ISOLATE_SNAPSHOT_DATA_KEY -> c
    java.lang.String PUBLIC_VM_SNAPSHOT_DATA_KEY -> b
    java.lang.String PUBLIC_FLUTTER_ASSETS_DIR_KEY -> d
    android.content.pm.ApplicationInfo getApplicationInfo(android.content.Context) -> a
    boolean getBoolean(android.os.Bundle,java.lang.String,boolean) -> a
    java.lang.String getNetworkPolicy(android.content.pm.ApplicationInfo,android.content.Context) -> a
    java.lang.String getString(android.os.Bundle,java.lang.String) -> a
    void parseDomain(android.content.res.XmlResourceParser,org.json.JSONArray,boolean) -> a
    void skipTag(android.content.res.XmlResourceParser) -> a
    io.flutter.embedding.engine.loader.FlutterApplicationInfo load(android.content.Context) -> b
    void parseDomainConfig(android.content.res.XmlResourceParser,org.json.JSONArray,boolean) -> b
io.flutter.embedding.engine.loader.FlutterApplicationInfo -> io.flutter.embedding.engine.e.b:
    java.lang.String aotSharedLibraryName -> a
    java.lang.String domainNetworkPolicy -> c
    java.lang.String flutterAssetsDir -> b
    java.lang.String nativeLibraryDir -> d